<?xml version="1.0" encoding="UTF-8"?>
<!-- Generated by org.testng.reporters.JUnitXMLReporter -->
<testsuite ignored="0" hostname="DELL" failures="1" tests="1" name="firefoxtest(failed)" time="6.569" errors="0" timestamp="2022-10-07T11:32:13 IST">
  <testcase classname="com.Saucdemo.Testclass.TestClassAplyTheFilter" name="verifyfilteraply" time="0.386">
    <failure type="java.lang.AssertionError" message="expected [Name (A to Z)
Name (Z to A)
Price (low to high)
Price (high to low)] but found [Price (high to low)]]">
      <![CDATA[java.lang.AssertionError: expected [Name (A to Z)
Name (Z to A)
Price (low to high)
Price (high to low)] but found [Price (high to low)]]
at com.Saucdemo.Testclass.TestClassAplyTheFilter.verifyfilteraply(TestClassAplyTheFilter.java:32)
at java.base/java.util.ArrayList.forEach(ArrayList.java:1511)
... Removed 33 stack frames]]>
    </failure>
  </testcase> <!-- verifyfilteraply -->
</testsuite> <!-- firefoxtest(failed) -->
